<?xml version="1.0" encoding="UTF-8"?>
<testsuite name="regina.CompiledAtASTTransformationTest" tests="2" skipped="0" failures="0" errors="0" timestamp="2015-02-01T16:04:37" hostname="Dierk-Konigs-MacBook-Pro.local" time="0.446">
  <properties/>
  <testcase name="testShouldApplyToScriptAndScriptClasses" classname="regina.CompiledAtASTTransformationTest" time="0.446"/>
  <testcase name="testShouldApplyToThisTest" classname="regina.CompiledAtASTTransformationTest" time="0.0"/>
  <system-out><![CDATA[]]></system-out>
  <system-err><![CDATA[]]></system-err>
</testsuite>
